<?xml version="1.0" encoding="UTF-8"?>
<!-- Generated by org.testng.reporters.JUnitReportReporter -->
<testsuite skipped="0" hostname="ip-172-31-85-137" name="RestAPI.PostRequest" tests="1" failures="0" timestamp="03 Dec 2021 14:28:10 GMT" time="1.528" errors="0">
  <testcase name="PostCall" time="1.528" classname="RestAPI.PostRequest"/>
</testsuite> <!-- RestAPI.PostRequest -->
