<?xml version="1.0" encoding="UTF-8"?>
<!-- Generated by org.testng.reporters.JUnitReportReporter -->
<testsuite skipped="0" hostname="ip-172-31-85-137" name="RestAPI.GetRequest" tests="1" failures="0" timestamp="03 Dec 2021 14:28:33 GMT" time="1.297" errors="0">
  <testcase name="GetCall" time="1.297" classname="RestAPI.GetRequest"/>
</testsuite> <!-- RestAPI.GetRequest -->
